#
# There is insufficient memory for the Java Runtime Environment to continue.
# Native memory allocation (malloc) failed to allocate 1099056 bytes for Chunk::new
# Possible reasons:
#   The system is out of physical RAM or swap space
#   The process is running with CompressedOops enabled, and the Java Heap may be blocking the growth of the native heap
# Possible solutions:
#   Reduce memory load on the system
#   Increase physical memory or swap space
#   Check if swap backing store is full
#   Decrease Java heap size (-Xmx/-Xms)
#   Decrease number of Java threads
#   Decrease Java thread stack sizes (-Xss)
#   Set larger code cache with -XX:ReservedCodeCacheSize=
#   JVM is running with Unscaled Compressed Oops mode in which the Java heap is
#     placed in the first 4GB address space. The Java Heap base address is the
#     maximum limit for the native heap growth. Please use -XX:HeapBaseMinAddress
#     to set the Java Heap base and to place the Java Heap above 4GB virtual address.
# This output file may be truncated or incomplete.
#
#  Out of Memory Error (allocation.cpp:389), pid=1216, tid=0x0000000000003edc
#
# JRE version: OpenJDK Runtime Environment (8.0_202-b03) (build 1.8.0_202-release-1483-b03)
# Java VM: OpenJDK 64-Bit Server VM (25.202-b03 mixed mode windows-amd64 compressed oops)
# Failed to write core dump. Minidumps are not enabled by default on client versions of Windows
#

---------------  T H R E A D  ---------------

Current thread (0x0000000018db7800):  JavaThread "C2 CompilerThread2" daemon [_thread_in_native, id=16092, stack(0x000000001a490000,0x000000001a590000)]

Stack: [0x000000001a490000,0x000000001a590000]
[error occurred during error reporting (printing stack bounds), id 0xc0000005]

Native frames: (J=compiled Java code, j=interpreted, Vv=VM code, C=native code)


Current CompileTask:
C2:3200590 29313       4       com.android.tools.r8.ir.conversion.IRBuilder::a (706 bytes)


---------------  P R O C E S S  ---------------

Java Threads: ( => current thread )
  0x000000001bf71800 JavaThread "ForkJoinPool.commonPool-worker-3" daemon [_thread_blocked, id=14260, stack(0x0000000072f30000,0x0000000073030000)]
  0x000000001bf70000 JavaThread "ForkJoinPool.commonPool-worker-10" daemon [_thread_blocked, id=19480, stack(0x0000000072e30000,0x0000000072f30000)]
  0x000000001bf6f000 JavaThread "ForkJoinPool.commonPool-worker-1" daemon [_thread_blocked, id=15904, stack(0x0000000072d30000,0x0000000072e30000)]
  0x000000001bf75000 JavaThread "ForkJoinPool.commonPool-worker-8" daemon [_thread_blocked, id=8204, stack(0x0000000072c30000,0x0000000072d30000)]
  0x00000000204d1800 JavaThread "ForkJoinPool.commonPool-worker-15" daemon [_thread_blocked, id=2280, stack(0x0000000072b30000,0x0000000072c30000)]
  0x00000000204d8000 JavaThread "ForkJoinPool.commonPool-worker-6" daemon [_thread_blocked, id=17380, stack(0x0000000072a30000,0x0000000072b30000)]
  0x00000000204d0800 JavaThread "ForkJoinPool.commonPool-worker-13" daemon [_thread_blocked, id=3796, stack(0x0000000072930000,0x0000000072a30000)]
  0x00000000204d7800 JavaThread "ForkJoinPool.commonPool-worker-4" daemon [_thread_blocked, id=16780, stack(0x0000000072830000,0x0000000072930000)]
  0x00000000204d6000 JavaThread "ForkJoinPool.commonPool-worker-11" daemon [_thread_blocked, id=8860, stack(0x0000000072730000,0x0000000072830000)]
  0x00000000204d3000 JavaThread "ForkJoinPool.commonPool-worker-2" daemon [_thread_blocked, id=19824, stack(0x0000000072630000,0x0000000072730000)]
  0x00000000204cb800 JavaThread "ForkJoinPool.commonPool-worker-9" daemon [_thread_blocked, id=14424, stack(0x0000000072530000,0x0000000072630000)]
  0x00000000204d0000 JavaThread "stdout" [_thread_in_native, id=5672, stack(0x0000000072430000,0x0000000072530000)]
  0x00000000204cf000 JavaThread "stderr" [_thread_in_native, id=16820, stack(0x0000000072330000,0x0000000072430000)]
  0x00000000204ca800 JavaThread "stdout" [_thread_in_native, id=2612, stack(0x0000000072230000,0x0000000072330000)]
  0x00000000204ce800 JavaThread "stderr" [_thread_in_native, id=18368, stack(0x0000000072130000,0x0000000072230000)]
  0x0000000021878000 JavaThread "stdout" [_thread_in_native, id=14916, stack(0x0000000072030000,0x0000000072130000)]
  0x0000000021877800 JavaThread "stderr" [_thread_in_native, id=20040, stack(0x0000000071f30000,0x0000000072030000)]
  0x0000000021876000 JavaThread "stdout" [_thread_in_native, id=7316, stack(0x0000000071e30000,0x0000000071f30000)]
  0x000000002187a800 JavaThread "stderr" [_thread_in_native, id=16644, stack(0x0000000071d30000,0x0000000071e30000)]
  0x0000000021875000 JavaThread "stdout" [_thread_in_native, id=16392, stack(0x0000000071c30000,0x0000000071d30000)]
  0x000000002187b000 JavaThread "stderr" [_thread_in_native, id=16252, stack(0x0000000071b30000,0x0000000071c30000)]
  0x0000000021876800 JavaThread "stdout" [_thread_in_native, id=19216, stack(0x0000000071a30000,0x0000000071b30000)]
  0x0000000021873800 JavaThread "stderr" [_thread_in_native, id=19772, stack(0x0000000071930000,0x0000000071a30000)]
  0x000000002186c000 JavaThread "stdout" [_thread_in_native, id=5784, stack(0x0000000071830000,0x0000000071930000)]
  0x0000000021870800 JavaThread "stderr" [_thread_in_native, id=7076, stack(0x0000000071730000,0x0000000071830000)]
  0x000000002186e800 JavaThread "stdout" [_thread_in_native, id=16776, stack(0x0000000071630000,0x0000000071730000)]
  0x0000000021873000 JavaThread "stderr" [_thread_in_native, id=5928, stack(0x0000000071530000,0x0000000071630000)]
  0x000000002186f000 JavaThread "pool-53-thread-1" [_thread_blocked, id=7484, stack(0x0000000071430000,0x0000000071530000)]
  0x000000002186d800 JavaThread "WorkerExecutor Queue Thread 12" [_thread_blocked, id=3452, stack(0x0000000071330000,0x0000000071430000)]
  0x0000000022db3800 JavaThread "WorkerExecutor Queue Thread 11" [_thread_blocked, id=19436, stack(0x0000000071230000,0x0000000071330000)]
  0x0000000022db2800 JavaThread "WorkerExecutor Queue Thread 10" [_thread_blocked, id=19592, stack(0x0000000071130000,0x0000000071230000)]
  0x0000000022db2000 JavaThread "WorkerExecutor Queue Thread 9" [_thread_in_native, id=10096, stack(0x0000000071030000,0x0000000071130000)]
  0x0000000022daa000 JavaThread "WorkerExecutor Queue Thread 8" [_thread_blocked, id=14212, stack(0x0000000070f30000,0x0000000071030000)]
  0x0000000022db1000 JavaThread "WorkerExecutor Queue Thread 7" [_thread_blocked, id=12232, stack(0x0000000070e30000,0x0000000070f30000)]
  0x0000000022da9800 JavaThread "WorkerExecutor Queue Thread 6" [_thread_blocked, id=15956, stack(0x0000000070d30000,0x0000000070e30000)]
  0x0000000022db0800 JavaThread "WorkerExecutor Queue Thread 5" [_thread_blocked, id=19472, stack(0x0000000070c30000,0x0000000070d30000)]
  0x0000000022da8000 JavaThread "WorkerExecutor Queue Thread 4" [_thread_blocked, id=8492, stack(0x0000000070b30000,0x0000000070c30000)]
  0x0000000022dab000 JavaThread "WorkerExecutor Queue Thread 3" [_thread_blocked, id=14876, stack(0x0000000070a30000,0x0000000070b30000)]
  0x0000000022daf000 JavaThread "WorkerExecutor Queue Thread 2" [_thread_blocked, id=10168, stack(0x0000000070930000,0x0000000070a30000)]
  0x0000000022da6800 JavaThread "WorkerExecutor Queue" [_thread_blocked, id=1980, stack(0x0000000070830000,0x0000000070930000)]
  0x0000000022da7000 JavaThread "Cache worker for execution history cache (D:\Github\Meals\Meals_Android\.gradle\5.4.1\executionHistory)" [_thread_blocked, id=16104, stack(0x0000000070730000,0x0000000070830000)]
  0x0000000022dae000 JavaThread "Execution worker for ':' Thread 11" [_thread_blocked, id=14204, stack(0x0000000070630000,0x0000000070730000)]
  0x0000000022da5800 JavaThread "Execution worker for ':' Thread 10" [_thread_blocked, id=4156, stack(0x0000000070530000,0x0000000070630000)]
  0x000000002026d000 JavaThread "Execution worker for ':' Thread 9" [_thread_blocked, id=15300, stack(0x0000000070430000,0x0000000070530000)]
  0x000000002026a000 JavaThread "Execution worker for ':' Thread 8" [_thread_blocked, id=9552, stack(0x0000000070330000,0x0000000070430000)]
  0x000000002026c000 JavaThread "Execution worker for ':' Thread 7" [_thread_blocked, id=19580, stack(0x0000000070230000,0x0000000070330000)]
  0x0000000020269000 JavaThread "Execution worker for ':' Thread 6" [_thread_blocked, id=5656, stack(0x0000000070130000,0x0000000070230000)]
  0x0000000020267000 JavaThread "Execution worker for ':' Thread 5" [_thread_in_native, id=6688, stack(0x0000000070030000,0x0000000070130000)]
  0x000000002026b800 JavaThread "Execution worker for ':' Thread 4" [_thread_blocked, id=13308, stack(0x000000006ff30000,0x0000000070030000)]
  0x0000000020268800 JavaThread "Execution worker for ':' Thread 3" [_thread_blocked, id=11352, stack(0x000000006fe30000,0x000000006ff30000)]
  0x0000000020267800 JavaThread "Execution worker for ':' Thread 2" [_thread_blocked, id=8524, stack(0x000000006fd30000,0x000000006fe30000)]
  0x000000002026a800 JavaThread "Execution worker for ':'" [_thread_blocked, id=18188, stack(0x000000006fc30000,0x000000006fd30000)]
  0x000000002025e800 JavaThread "Cache worker for file content cache (D:\Github\Meals\Meals_Android\.gradle\5.4.1\fileContent)" [_thread_blocked, id=16808, stack(0x000000006fb30000,0x000000006fc30000)]
  0x0000000020261000 JavaThread "Cache worker for Build Output Cleanup Cache (D:\Github\Meals\Meals_Android\.gradle\buildOutputCleanup)" [_thread_blocked, id=15532, stack(0x000000006fa30000,0x000000006fb30000)]
  0x0000000020265800 JavaThread "Build operations Thread 12" [_thread_blocked, id=13684, stack(0x000000006f930000,0x000000006fa30000)]
  0x0000000020260000 JavaThread "Build operations Thread 11" [_thread_blocked, id=20084, stack(0x000000006f830000,0x000000006f930000)]
  0x000000002025e000 JavaThread "Build operations Thread 10" [_thread_blocked, id=17820, stack(0x000000006f730000,0x000000006f830000)]
  0x0000000020263000 JavaThread "Build operations Thread 9" [_thread_blocked, id=10896, stack(0x000000006f630000,0x000000006f730000)]
  0x0000000020262800 JavaThread "Build operations Thread 8" [_thread_blocked, id=1936, stack(0x000000006f530000,0x000000006f630000)]
  0x0000000020264000 JavaThread "Build operations Thread 7" [_thread_blocked, id=2520, stack(0x000000006f430000,0x000000006f530000)]
  0x0000000020261800 JavaThread "Build operations Thread 6" [_thread_blocked, id=17052, stack(0x000000006f330000,0x000000006f430000)]
  0x000000001d17d000 JavaThread "Build operations Thread 5" [_thread_blocked, id=18504, stack(0x000000006f230000,0x000000006f330000)]
  0x000000001d17f800 JavaThread "Build operations Thread 4" [_thread_blocked, id=17084, stack(0x000000006f130000,0x000000006f230000)]
  0x000000001d17e800 JavaThread "Build operations Thread 3" [_thread_blocked, id=16548, stack(0x000000006f030000,0x000000006f130000)]
  0x000000001d17b800 JavaThread "Build operations Thread 2" [_thread_blocked, id=8160, stack(0x000000006ef30000,0x000000006f030000)]
  0x000000001d180000 JavaThread "Build operations" [_thread_blocked, id=1152, stack(0x000000006ee30000,0x000000006ef30000)]
  0x000000001d17c800 JavaThread "Cache worker for cache directory md-rule (C:\Users\kjy03\.gradle\caches\5.4.1\md-rule)" [_thread_blocked, id=13016, stack(0x000000006ed30000,0x000000006ee30000)]
  0x000000001d174000 JavaThread "Cache worker for cache directory md-supplier (C:\Users\kjy03\.gradle\caches\5.4.1\md-supplier)" [_thread_blocked, id=17828, stack(0x000000006ec30000,0x000000006ed30000)]
  0x000000001d17b000 JavaThread "Cache worker for file hash cache (D:\Github\Meals\Meals_Android\.gradle\5.4.1\fileHashes)" [_thread_blocked, id=12200, stack(0x000000006eb30000,0x000000006ec30000)]
  0x000000001d173800 JavaThread "Thread-919" [_thread_blocked, id=7060, stack(0x000000006ea30000,0x000000006eb30000)]
  0x000000001d178800 JavaThread "Stdin handler" [_thread_blocked, id=3400, stack(0x000000006e930000,0x000000006ea30000)]
  0x000000001d17a000 JavaThread "Asynchronous log dispatcher for DefaultDaemonConnection: socket connection from /127.0.0.1:64106 to /127.0.0.1:50746" [_thread_blocked, id=10748, stack(0x000000006e830000,0x000000006e930000)]
  0x000000001d179800 JavaThread "Daemon worker Thread 14" [_thread_blocked, id=9956, stack(0x000000006e730000,0x000000006e830000)]
  0x000000001d171800 JavaThread "Cancel handler" [_thread_blocked, id=13468, stack(0x000000006e630000,0x000000006e730000)]
  0x000000001d177000 JavaThread "Handler for socket connection from /127.0.0.1:64106 to /127.0.0.1:50746" [_thread_in_native, id=18004, stack(0x000000006e530000,0x000000006e630000)]
  0x000000001d172800 JavaThread "Daemon Thread 14" [_thread_blocked, id=1580, stack(0x000000006e430000,0x000000006e530000)]
  0x000000001d175000 JavaThread "Cache worker for Java compile cache (C:\Users\kjy03\.gradle\caches\5.4.1\javaCompile)" [_thread_blocked, id=8876, stack(0x00000000347b0000,0x00000000348b0000)]
  0x0000000022da5000 JavaThread "MarlinRenderer Disposer" daemon [_thread_blocked, id=11776, stack(0x0000000031db0000,0x0000000031eb0000)]
  0x0000000022dab800 JavaThread "Java2D Disposer" daemon [_thread_blocked, id=6920, stack(0x0000000031cb0000,0x0000000031db0000)]
  0x0000000021879000 JavaThread "Cache worker for file content cache (C:\Users\kjy03\.gradle\caches\5.4.1\fileContent)" [_thread_blocked, id=2628, stack(0x000000002ffb0000,0x00000000300b0000)]
  0x00000000204d4800 JavaThread "Memory manager" [_thread_blocked, id=16904, stack(0x0000000024e50000,0x0000000024f50000)]
  0x00000000204cc000 JavaThread "Cache worker for execution history cache (C:\Users\kjy03\.gradle\caches\5.4.1\executionHistory)" [_thread_blocked, id=17000, stack(0x0000000020fb0000,0x00000000210b0000)]
  0x000000001bf6e800 JavaThread "Cache worker for journal cache (C:\Users\kjy03\.gradle\caches\journal-1)" [_thread_blocked, id=13864, stack(0x000000001e410000,0x000000001e510000)]
  0x000000001bf73000 JavaThread "File lock request listener" [_thread_in_native, id=18240, stack(0x000000001e110000,0x000000001e210000)]
  0x000000001bebf000 JavaThread "Cache worker for file hash cache (C:\Users\kjy03\.gradle\caches\5.4.1\fileHashes)" [_thread_blocked, id=11032, stack(0x000000001e010000,0x000000001e110000)]
  0x000000001ba07800 JavaThread "Daemon periodic checks" [_thread_blocked, id=8568, stack(0x000000001c540000,0x000000001c640000)]
  0x000000001ba0f800 JavaThread "Incoming local TCP Connector on port 64106" [_thread_in_native, id=9376, stack(0x000000001c360000,0x000000001c460000)]
  0x000000001bb41800 JavaThread "Daemon health stats" [_thread_blocked, id=6792, stack(0x000000001c060000,0x000000001c160000)]
  0x0000000018e49800 JavaThread "Service Thread" daemon [_thread_blocked, id=7156, stack(0x000000001a690000,0x000000001a790000)]
  0x0000000018db9800 JavaThread "C1 CompilerThread3" daemon [_thread_in_native, id=18496, stack(0x000000001a590000,0x000000001a690000)]
=>0x0000000018db7800 JavaThread "C2 CompilerThread2" daemon [_thread_in_native, id=16092, stack(0x000000001a490000,0x000000001a590000)]
  0x0000000018daa000 JavaThread "C2 CompilerThread1" daemon [_thread_in_native, id=3332, stack(0x000000001a390000,0x000000001a490000)]
  0x0000000018da2800 JavaThread "C2 CompilerThread0" daemon [_thread_in_native, id=16164, stack(0x000000001a290000,0x000000001a390000)]
  0x0000000018d4a800 JavaThread "Attach Listener" daemon [_thread_blocked, id=2060, stack(0x000000001a190000,0x000000001a290000)]
  0x000000001765e800 JavaThread "Signal Dispatcher" daemon [_thread_blocked, id=2716, stack(0x000000001a090000,0x000000001a190000)]
  0x0000000017651800 JavaThread "Finalizer" daemon [_thread_blocked, id=9880, stack(0x0000000019f90000,0x000000001a090000)]
  0x0000000018d33000 JavaThread "Reference Handler" daemon [_thread_blocked, id=15184, stack(0x0000000019e90000,0x0000000019f90000)]
  0x000000000368d800 JavaThread "main" [_thread_blocked, id=3496, stack(0x0000000003070000,0x0000000003170000)]

Other Threads:
  0x0000000018d12800 VMThread [stack: 0x0000000019d90000,0x0000000019e90000] [id=108]
  0x0000000018ded800 WatcherThread [stack: 0x000000001a790000,0x000000001a890000] [id=5328]

VM state:not at safepoint (normal execution)

VM Mutex/Monitor currently owned by a thread: None

OutOfMemory and StackOverflow Exception counts:
OutOfMemoryError java_heap_errors=1

heap address: 0x00000000a0000000, size: 1536 MB, Compressed Oops mode: 32-bit
Narrow klass base: 0x0000000000000000, Narrow klass shift: 3
Compressed class space size: 1073741824 Address: 0x0000000100000000

Heap:
 PSYoungGen      total 378368K, used 186955K [0x00000000e0000000, 0x00000000fb300000, 0x0000000100000000)
  eden space 312320K, 52% used [0x00000000e0000000,0x00000000e9f83988,0x00000000f3100000)
  from space 66048K, 35% used [0x00000000f3100000,0x00000000f480f3f8,0x00000000f7180000)
  to   space 61952K, 0% used [0x00000000f7680000,0x00000000f7680000,0x00000000fb300000)
 ParOldGen       total 412672K, used 64864K [0x00000000a0000000, 0x00000000b9300000, 0x00000000e0000000)
  object space 412672K, 15% used [0x00000000a0000000,0x00000000a3f58140,0x00000000b9300000)
 Metaspace       used 107089K, capacity 115292K, committed 115532K, reserved 1150976K
  class space    used 13549K, capacity 14941K, committed 14976K, reserved 1048576K

Card table byte_map: [0x0000000012a50000,0x0000000012d60000] byte_map_base: 0x0000000012550000

Marking Bits: (ParMarkBitMap*) 0x000000006b7a9f30
 Begin Bits: [0x0000000013960000, 0x0000000015160000)
 End Bits:   [0x0000000015160000, 0x0000000016960000)

Polling page: 0x0000000000fc0000

CodeCache: size=245760Kb used=77871Kb max_used=77871Kb free=167888Kb
 bounds [0x0000000003690000, 0x0000000008320000, 0x0000000012690000]
 total_blobs=22626 nmethods=21599 adapters=937
 compilation: enabled

Compilation events (10 events):
Event: 3200.516 Thread 0x0000000018daa000 nmethod 29443 0x00000000082e8d10 code [0x00000000082e8e60, 0x00000000082e8f38]
Event: 3200.516 Thread 0x0000000018daa000 29471       4       com.android.tools.r8.ir.regalloc.LiveIntervals::compareTo (9 bytes)
Event: 3200.520 Thread 0x0000000018daa000 nmethod 29471 0x00000000082e9ed0 code [0x00000000082ea040, 0x00000000082ea2d8]
Event: 3200.520 Thread 0x0000000018daa000 29529       4       com.android.tools.r8.ir.code.g::next (21 bytes)
Event: 3200.523 Thread 0x0000000018daa000 nmethod 29529 0x00000000082e99d0 code [0x00000000082e9b20, 0x00000000082e9cb8]
Event: 3200.523 Thread 0x0000000018daa000 29582       4       com.android.tools.r8.m.a.a.b.a::next (32 bytes)
Event: 3200.524 Thread 0x0000000018daa000 nmethod 29582 0x00000000082e9650 code [0x00000000082e97a0, 0x00000000082e9898]
Event: 3200.524 Thread 0x0000000018daa000 29593       4       com.android.tools.r8.ir.optimize.z::a (260 bytes)
Event: 3200.561 Thread 0x0000000018db9800 nmethod 29585% 0x00000000082f1ed0 code [0x00000000082f3ec0, 0x000000000830a828]
Event: 3200.561 Thread 0x0000000018db9800 29599   !   3       com.android.tools.r8.dex.c::b (2274 bytes)

GC Heap History (10 events):
Event: 1837.395 GC heap before
{Heap before GC invocations=49 (full 4):
 PSYoungGen      total 366080K, used 298719K [0x00000000e0000000, 0x00000000fb600000, 0x0000000100000000)
  eden space 292864K, 99% used [0x00000000e0000000,0x00000000f1cbbf20,0x00000000f1e00000)
  from space 73216K, 9% used [0x00000000f6e80000,0x00000000f757c030,0x00000000fb600000)
  to   space 77824K, 0% used [0x00000000f1e00000,0x00000000f1e00000,0x00000000f6a00000)
 ParOldGen       total 412672K, used 64064K [0x00000000a0000000, 0x00000000b9300000, 0x00000000e0000000)
  object space 412672K, 15% used [0x00000000a0000000,0x00000000a3e90060,0x00000000b9300000)
 Metaspace       used 98856K, capacity 106142K, committed 106316K, reserved 1142784K
  class space    used 12634K, capacity 13863K, committed 13952K, reserved 1048576K
Event: 1837.406 GC heap after
Heap after GC invocations=49 (full 4):
 PSYoungGen      total 370688K, used 16838K [0x00000000e0000000, 0x00000000fbd00000, 0x0000000100000000)
  eden space 292864K, 0% used [0x00000000e0000000,0x00000000e0000000,0x00000000f1e00000)
  from space 77824K, 21% used [0x00000000f1e00000,0x00000000f2e71bc8,0x00000000f6a00000)
  to   space 74240K, 0% used [0x00000000f7480000,0x00000000f7480000,0x00000000fbd00000)
 ParOldGen       total 412672K, used 64176K [0x00000000a0000000, 0x00000000b9300000, 0x00000000e0000000)
  object space 412672K, 15% used [0x00000000a0000000,0x00000000a3eac070,0x00000000b9300000)
 Metaspace       used 98856K, capacity 106142K, committed 106316K, reserved 1142784K
  class space    used 12634K, capacity 13863K, committed 13952K, reserved 1048576K
}
Event: 1942.145 GC heap before
{Heap before GC invocations=50 (full 4):
 PSYoungGen      total 370688K, used 309702K [0x00000000e0000000, 0x00000000fbd00000, 0x0000000100000000)
  eden space 292864K, 100% used [0x00000000e0000000,0x00000000f1e00000,0x00000000f1e00000)
  from space 77824K, 21% used [0x00000000f1e00000,0x00000000f2e71bc8,0x00000000f6a00000)
  to   space 74240K, 0% used [0x00000000f7480000,0x00000000f7480000,0x00000000fbd00000)
 ParOldGen       total 412672K, used 64176K [0x00000000a0000000, 0x00000000b9300000, 0x00000000e0000000)
  object space 412672K, 15% used [0x00000000a0000000,0x00000000a3eac070,0x00000000b9300000)
 Metaspace       used 99167K, capacity 106644K, committed 106828K, reserved 1142784K
  class space    used 12673K, capacity 13952K, committed 13952K, reserved 1048576K
Event: 1942.169 GC heap after
Heap after GC invocations=50 (full 4):
 PSYoungGen      total 371200K, used 31198K [0x00000000e0000000, 0x00000000fb580000, 0x0000000100000000)
  eden space 304640K, 0% used [0x00000000e0000000,0x00000000e0000000,0x00000000f2980000)
  from space 66560K, 46% used [0x00000000f7480000,0x00000000f92f7818,0x00000000fb580000)
  to   space 71680K, 0% used [0x00000000f2980000,0x00000000f2980000,0x00000000f6f80000)
 ParOldGen       total 412672K, used 64344K [0x00000000a0000000, 0x00000000b9300000, 0x00000000e0000000)
  object space 412672K, 15% used [0x00000000a0000000,0x00000000a3ed6080,0x00000000b9300000)
 Metaspace       used 99167K, capacity 106644K, committed 106828K, reserved 1142784K
  class space    used 12673K, capacity 13952K, committed 13952K, reserved 1048576K
}
Event: 3119.859 GC heap before
{Heap before GC invocations=51 (full 4):
 PSYoungGen      total 371200K, used 335838K [0x00000000e0000000, 0x00000000fb580000, 0x0000000100000000)
  eden space 304640K, 100% used [0x00000000e0000000,0x00000000f2980000,0x00000000f2980000)
  from space 66560K, 46% used [0x00000000f7480000,0x00000000f92f7818,0x00000000fb580000)
  to   space 71680K, 0% used [0x00000000f2980000,0x00000000f2980000,0x00000000f6f80000)
 ParOldGen       total 412672K, used 64344K [0x00000000a0000000, 0x00000000b9300000, 0x00000000e0000000)
  object space 412672K, 15% used [0x00000000a0000000,0x00000000a3ed6080,0x00000000b9300000)
 Metaspace       used 99321K, capacity 107038K, committed 107212K, reserved 1142784K
  class space    used 12697K, capacity 14023K, committed 14080K, reserved 1048576K
Event: 3119.871 GC heap after
Heap after GC invocations=51 (full 4):
 PSYoungGen      total 376320K, used 5937K [0x00000000e0000000, 0x00000000fbb80000, 0x0000000100000000)
  eden space 304640K, 0% used [0x00000000e0000000,0x00000000e0000000,0x00000000f2980000)
  from space 71680K, 8% used [0x00000000f2980000,0x00000000f2f4c488,0x00000000f6f80000)
  to   space 70144K, 0% used [0x00000000f7700000,0x00000000f7700000,0x00000000fbb80000)
 ParOldGen       total 412672K, used 64752K [0x00000000a0000000, 0x00000000b9300000, 0x00000000e0000000)
  object space 412672K, 15% used [0x00000000a0000000,0x00000000a3f3c140,0x00000000b9300000)
 Metaspace       used 99321K, capacity 107038K, committed 107212K, reserved 1142784K
  class space    used 12697K, capacity 14023K, committed 14080K, reserved 1048576K
}
Event: 3197.436 GC heap before
{Heap before GC invocations=52 (full 4):
 PSYoungGen      total 376320K, used 310577K [0x00000000e0000000, 0x00000000fbb80000, 0x0000000100000000)
  eden space 304640K, 100% used [0x00000000e0000000,0x00000000f2980000,0x00000000f2980000)
  from space 71680K, 8% used [0x00000000f2980000,0x00000000f2f4c488,0x00000000f6f80000)
  to   space 70144K, 0% used [0x00000000f7700000,0x00000000f7700000,0x00000000fbb80000)
 ParOldGen       total 412672K, used 64752K [0x00000000a0000000, 0x00000000b9300000, 0x00000000e0000000)
  object space 412672K, 15% used [0x00000000a0000000,0x00000000a3f3c140,0x00000000b9300000)
 Metaspace       used 106048K, capacity 114118K, committed 114380K, reserved 1148928K
  class space    used 13486K, capacity 14824K, committed 14848K, reserved 1048576K
Event: 3197.454 GC heap after
Heap after GC invocations=52 (full 4):
 PSYoungGen      total 372736K, used 25274K [0x00000000e0000000, 0x00000000fb200000, 0x0000000100000000)
  eden space 312320K, 0% used [0x00000000e0000000,0x00000000e0000000,0x00000000f3100000)
  from space 60416K, 41% used [0x00000000f7700000,0x00000000f8faeba8,0x00000000fb200000)
  to   space 66048K, 0% used [0x00000000f3100000,0x00000000f3100000,0x00000000f7180000)
 ParOldGen       total 412672K, used 64800K [0x00000000a0000000, 0x00000000b9300000, 0x00000000e0000000)
  object space 412672K, 15% used [0x00000000a0000000,0x00000000a3f48140,0x00000000b9300000)
 Metaspace       used 106048K, capacity 114118K, committed 114380K, reserved 1148928K
  class space    used 13486K, capacity 14824K, committed 14848K, reserved 1048576K
}
Event: 3199.741 GC heap before
{Heap before GC invocations=53 (full 4):
 PSYoungGen      total 372736K, used 337594K [0x00000000e0000000, 0x00000000fb200000, 0x0000000100000000)
  eden space 312320K, 100% used [0x00000000e0000000,0x00000000f3100000,0x00000000f3100000)
  from space 60416K, 41% used [0x00000000f7700000,0x00000000f8faeba8,0x00000000fb200000)
  to   space 66048K, 0% used [0x00000000f3100000,0x00000000f3100000,0x00000000f7180000)
 ParOldGen       total 412672K, used 64800K [0x00000000a0000000, 0x00000000b9300000, 0x00000000e0000000)
  object space 412672K, 15% used [0x00000000a0000000,0x00000000a3f48140,0x00000000b9300000)
 Metaspace       used 106784K, capacity 114878K, committed 115276K, reserved 1148928K
  class space    used 13524K, capacity 14860K, committed 14976K, reserved 1048576K
Event: 3199.758 GC heap after
Heap after GC invocations=53 (full 4):
 PSYoungGen      total 378368K, used 23612K [0x00000000e0000000, 0x00000000fb300000, 0x0000000100000000)
  eden space 312320K, 0% used [0x00000000e0000000,0x00000000e0000000,0x00000000f3100000)
  from space 66048K, 35% used [0x00000000f3100000,0x00000000f480f3f8,0x00000000f7180000)
  to   space 61952K, 0% used [0x00000000f7680000,0x00000000f7680000,0x00000000fb300000)
 ParOldGen       total 412672K, used 64864K [0x00000000a0000000, 0x00000000b9300000, 0x00000000e0000000)
  object space 412672K, 15% used [0x00000000a0000000,0x00000000a3f58140,0x00000000b9300000)
 Metaspace       used 106784K, capacity 114878K, committed 115276K, reserved 1148928K
  class space    used 13524K, capacity 14860K, committed 14976K, reserved 1048576K
}

Deoptimization events (10 events):
Event: 3200.277 Thread 0x0000000022db2000 Uncommon trap: reason=unstable_if action=reinterpret pc=0x00000000047f67a4 method=java.io.ObjectInputStream.isCustomSubclass()Z @ 12
Event: 3200.277 Thread 0x0000000022db2000 Uncommon trap: reason=bimorphic action=maybe_recompile pc=0x000000000447b334 method=java.io.ObjectInputStream$PeekInputStream.read()I @ 23
Event: 3200.277 Thread 0x0000000022db2000 Uncommon trap: reason=unstable_if action=reinterpret pc=0x00000000063703f4 method=java.io.ObjectInputStream.isCustomSubclass()Z @ 12
Event: 3200.297 Thread 0x000000002026b800 Uncommon trap: reason=unstable_if action=reinterpret pc=0x00000000081ea3e8 method=com.android.tools.r8.ir.regalloc.LiveIntervals.getSplitCovering(I)Lcom/android/tools/r8/ir/regalloc/LiveIntervals; @ 153
Event: 3200.298 Thread 0x000000002026b800 Uncommon trap: reason=unstable_if action=reinterpret pc=0x000000000822c824 method=com.android.tools.r8.n.a.a.a.g.B0.a(ILjava/lang/Object;)Ljava/lang/Object; @ 95
Event: 3200.447 Thread 0x000000002026b800 Uncommon trap: reason=bimorphic action=maybe_recompile pc=0x0000000004cffb74 method=com.android.tools.r8.ir.code.ValueType.a(Lcom/android/tools/r8/ir/analysis/type/TypeLatticeElement;)Lcom/android/tools/r8/ir/code/ValueType; @ 23
Event: 3200.447 Thread 0x000000002026b800 Uncommon trap: reason=bimorphic action=maybe_recompile pc=0x0000000004cffb74 method=com.android.tools.r8.ir.code.ValueType.a(Lcom/android/tools/r8/ir/analysis/type/TypeLatticeElement;)Lcom/android/tools/r8/ir/code/ValueType; @ 23
Event: 3200.449 Thread 0x000000002026b800 Uncommon trap: reason=bimorphic action=maybe_recompile pc=0x00000000081295c8 method=com.android.tools.r8.ir.code.ValueType.a(Lcom/android/tools/r8/ir/analysis/type/TypeLatticeElement;)Lcom/android/tools/r8/ir/code/ValueType; @ 23
Event: 3200.484 Thread 0x000000002026b800 Uncommon trap: reason=unstable_if action=reinterpret pc=0x000000000821480c method=com.android.tools.r8.ir.conversion.V.a(Lcom/android/tools/r8/t/a/a/B;Lcom/android/tools/r8/t/a/a/B;)Z @ 211
Event: 3200.486 Thread 0x000000002026b800 Uncommon trap: reason=predicate action=maybe_recompile pc=0x00000000082b6544 method=com.android.tools.r8.ir.code.Phi.a(Lcom/android/tools/r8/ir/conversion/IRBuilder;)V @ 314

Classes redefined (0 events):
No events

Internal exceptions (10 events):
Event: 3197.696 Thread 0x000000001d179800 Exception <a 'sun/nio/fs/WindowsException'> (0x00000000e324df88) thrown at [D:\src\AOSP-openjdk-cygwin\jdk8u\hotspot\src\share\vm\prims\jni.cpp, line 710]
Event: 3197.696 Thread 0x000000001d179800 Exception <a 'sun/nio/fs/WindowsException'> (0x00000000e324ed88) thrown at [D:\src\AOSP-openjdk-cygwin\jdk8u\hotspot\src\share\vm\prims\jni.cpp, line 710]
Event: 3197.696 Thread 0x000000001d179800 Exception <a 'sun/nio/fs/WindowsException'> (0x00000000e3251320) thrown at [D:\src\AOSP-openjdk-cygwin\jdk8u\hotspot\src\share\vm\prims\jni.cpp, line 710]
Event: 3197.696 Thread 0x000000001d179800 Exception <a 'sun/nio/fs/WindowsException'> (0x00000000e3252ce0) thrown at [D:\src\AOSP-openjdk-cygwin\jdk8u\hotspot\src\share\vm\prims\jni.cpp, line 710]
Event: 3200.038 Thread 0x0000000020269000 Exception <a 'sun/nio/fs/WindowsException'> (0x00000000e2209290) thrown at [D:\src\AOSP-openjdk-cygwin\jdk8u\hotspot\src\share\vm\prims\jni.cpp, line 710]
Event: 3200.040 Thread 0x0000000020267000 Exception <a 'sun/nio/fs/WindowsException'> (0x00000000e22dddf8) thrown at [D:\src\AOSP-openjdk-cygwin\jdk8u\hotspot\src\share\vm\prims\jni.cpp, line 710]
Event: 3200.048 Thread 0x0000000020269000 Exception <a 'sun/nio/fs/WindowsException'> (0x00000000e245f0a0) thrown at [D:\src\AOSP-openjdk-cygwin\jdk8u\hotspot\src\share\vm\prims\jni.cpp, line 710]
Event: 3200.068 Thread 0x000000002026b800 Exception <a 'sun/nio/fs/WindowsException'> (0x00000000e2721c10) thrown at [D:\src\AOSP-openjdk-cygwin\jdk8u\hotspot\src\share\vm\prims\jni.cpp, line 710]
Event: 3200.243 Thread 0x0000000020269000 Exception <a 'java/lang/OutOfMemoryError'> (0x00000000e4fde3a0) thrown at [D:\src\AOSP-openjdk-cygwin\jdk8u\hotspot\src\share\vm\prims\jni.cpp, line 736]
Event: 3200.551 Thread 0x000000002026b800 Exception <a 'sun/nio/fs/WindowsException'> (0x00000000e979ea98) thrown at [D:\src\AOSP-openjdk-cygwin\jdk8u\hotspot\src\share\vm\prims\jni.cpp, line 710]

Events (10 events):
Event: 3200.484 Thread 0x000000002026b800 DEOPT UNPACKING pc=0x00000000036d557b sp=0x000000007002c5e8 mode 2
Event: 3200.486 Thread 0x000000002026b800 Uncommon trap: trap_request=0xffffff86 fr.pc=0x00000000082b6544
Event: 3200.486 Thread 0x000000002026b800 DEOPT PACKING pc=0x00000000082b6544 sp=0x000000007002bef0
Event: 3200.486 Thread 0x000000002026b800 DEOPT UNPACKING pc=0x00000000036d557b sp=0x000000007002bf08 mode 2
Event: 3200.493 Thread 0x000000002026b800 DEOPT PACKING pc=0x0000000004d78f7a sp=0x000000007002cb20
Event: 3200.493 Thread 0x000000002026b800 DEOPT UNPACKING pc=0x00000000036d75d0 sp=0x000000007002c840 mode 0
Event: 3200.513 Executing VM operation: ForceSafepoint
Event: 3200.515 Executing VM operation: ForceSafepoint done
Event: 3200.520 Thread 0x0000000020267000 DEOPT PACKING pc=0x00000000081fa20d sp=0x000000007012c350
Event: 3200.520 Thread 0x0000000020267000 DEOPT UNPACKING pc=0x00000000036d75d0 sp=0x000000007012c128 mode 0


Dynamic libraries:
0x00007ff69a290000 - 0x00007ff69a2c1000 	D:\Android\jre\bin\java.exe
0x00007ffb31d90000 - 0x00007ffb31f7d000 	C:\WINDOWS\SYSTEM32\ntdll.dll
0x00007ffb2ffc0000 - 0x00007ffb30073000 	C:\WINDOWS\System32\KERNEL32.DLL
0x00007ffb2e8d0000 - 0x00007ffb2eb63000 	C:\WINDOWS\System32\KERNELBASE.dll
0x00007ffb31a30000 - 0x00007ffb31ad3000 	C:\WINDOWS\System32\ADVAPI32.dll
0x00007ffb300e0000 - 0x00007ffb3017e000 	C:\WINDOWS\System32\msvcrt.dll
0x00007ffb2f980000 - 0x00007ffb2fa1e000 	C:\WINDOWS\System32\sechost.dll
0x00007ffb2fe20000 - 0x00007ffb2ff42000 	C:\WINDOWS\System32\RPCRT4.dll
0x00007ffb2fab0000 - 0x00007ffb2fc47000 	C:\WINDOWS\System32\USER32.dll
0x00007ffb2ee10000 - 0x00007ffb2ee30000 	C:\WINDOWS\System32\win32u.dll
0x00007ffb30360000 - 0x00007ffb30389000 	C:\WINDOWS\System32\GDI32.dll
0x00007ffb2eb70000 - 0x00007ffb2ed09000 	C:\WINDOWS\System32\gdi32full.dll
0x00007ffb2ed10000 - 0x00007ffb2edb0000 	C:\WINDOWS\System32\msvcp_win.dll
0x00007ffb2ee30000 - 0x00007ffb2ef2a000 	C:\WINDOWS\System32\ucrtbase.dll
0x00007ffb1ef60000 - 0x00007ffb1f1d9000 	C:\WINDOWS\WinSxS\amd64_microsoft.windows.common-controls_6595b64144ccf1df_6.0.17763.802_none_05b1445c0722d2cc\COMCTL32.dll
0x00007ffb2f640000 - 0x00007ffb2f96c000 	C:\WINDOWS\System32\combase.dll
0x00007ffb2ef30000 - 0x00007ffb2efae000 	C:\WINDOWS\System32\bcryptPrimitives.dll
0x00007ffb30500000 - 0x00007ffb3052e000 	C:\WINDOWS\System32\IMM32.DLL
0x000000006ae20000 - 0x000000006aef2000 	D:\Android\jre\jre\bin\msvcr100.dll
0x000000006afe0000 - 0x000000006b826000 	D:\Android\jre\jre\bin\server\jvm.dll
0x00007ffb2faa0000 - 0x00007ffb2faa8000 	C:\WINDOWS\System32\PSAPI.DLL
0x00007ffb14420000 - 0x00007ffb14429000 	C:\WINDOWS\SYSTEM32\WSOCK32.dll
0x00007ffb26650000 - 0x00007ffb2665a000 	C:\WINDOWS\SYSTEM32\VERSION.dll
0x00007ffb2b660000 - 0x00007ffb2b684000 	C:\WINDOWS\SYSTEM32\WINMM.dll
0x00007ffb2ff50000 - 0x00007ffb2ffbd000 	C:\WINDOWS\System32\WS2_32.dll
0x00007ffb2b630000 - 0x00007ffb2b65d000 	C:\WINDOWS\SYSTEM32\WINMMBASE.dll
0x00007ffb2de80000 - 0x00007ffb2deca000 	C:\WINDOWS\System32\cfgmgr32.dll
0x00007ffb29c80000 - 0x00007ffb29c8f000 	D:\Android\jre\jre\bin\verify.dll
0x00007ffb29bf0000 - 0x00007ffb29c19000 	D:\Android\jre\jre\bin\java.dll
0x00007ffb287d0000 - 0x00007ffb287e6000 	D:\Android\jre\jre\bin\zip.dll
0x00007ffb30530000 - 0x00007ffb31a24000 	C:\WINDOWS\System32\SHELL32.dll
0x00007ffb30180000 - 0x00007ffb30228000 	C:\WINDOWS\System32\shcore.dll
0x00007ffb2e0d0000 - 0x00007ffb2e81d000 	C:\WINDOWS\System32\windows.storage.dll
0x00007ffb2dda0000 - 0x00007ffb2ddc4000 	C:\WINDOWS\System32\profapi.dll
0x00007ffb2ddd0000 - 0x00007ffb2de2d000 	C:\WINDOWS\System32\powrprof.dll
0x00007ffb31b90000 - 0x00007ffb31be2000 	C:\WINDOWS\System32\shlwapi.dll
0x00007ffb2dd80000 - 0x00007ffb2dd91000 	C:\WINDOWS\System32\kernel.appcore.dll
0x00007ffb2ded0000 - 0x00007ffb2dee7000 	C:\WINDOWS\System32\cryptsp.dll
0x00007ffb26360000 - 0x00007ffb2637a000 	D:\Android\jre\jre\bin\net.dll
0x00007ffb2d210000 - 0x00007ffb2d277000 	C:\WINDOWS\system32\mswsock.dll
0x00007ffb26140000 - 0x00007ffb26151000 	D:\Android\jre\jre\bin\nio.dll
0x00007ffb12890000 - 0x00007ffb128b6000 	C:\Users\kjy03\.gradle\native\29\windows-amd64\native-platform.dll
0x00007ffb29c40000 - 0x00007ffb29c4d000 	D:\Android\jre\jre\bin\management.dll
0x00007ffb2cd90000 - 0x00007ffb2cdc3000 	C:\WINDOWS\system32\rsaenh.dll
0x00007ffb2de50000 - 0x00007ffb2de76000 	C:\WINDOWS\System32\bcrypt.dll
0x00007ffb2dc80000 - 0x00007ffb2dca8000 	C:\WINDOWS\SYSTEM32\USERENV.dll
0x00007ffb2d3e0000 - 0x00007ffb2d3ec000 	C:\WINDOWS\SYSTEM32\CRYPTBASE.dll
0x00007ffb2cf30000 - 0x00007ffb2cf6d000 	C:\WINDOWS\SYSTEM32\IPHLPAPI.DLL
0x00007ffb31d50000 - 0x00007ffb31d58000 	C:\WINDOWS\System32\NSI.dll
0x00007ffb25d70000 - 0x00007ffb25d86000 	C:\WINDOWS\SYSTEM32\dhcpcsvc6.DLL
0x00007ffb26970000 - 0x00007ffb2698c000 	C:\WINDOWS\SYSTEM32\dhcpcsvc.DLL
0x00007ffb2cf70000 - 0x00007ffb2d036000 	C:\WINDOWS\SYSTEM32\DNSAPI.dll
0x00007ffb01690000 - 0x00007ffb0182c000 	D:\Android\jre\jre\bin\awt.dll
0x00007ffb2efb0000 - 0x00007ffb2f074000 	C:\WINDOWS\System32\OLEAUT32.dll
0x00007ffb2beb0000 - 0x00007ffb2bede000 	C:\WINDOWS\SYSTEM32\dwmapi.dll
0x00007ffb2def0000 - 0x00007ffb2e0cb000 	C:\WINDOWS\System32\CRYPT32.dll
0x00007ffb2de30000 - 0x00007ffb2de42000 	C:\WINDOWS\System32\MSASN1.dll
0x00007ffb28900000 - 0x00007ffb28ebe000 	C:\WINDOWS\SYSTEM32\d2d1.dll
0x00007ffb29ce0000 - 0x00007ffb29d6c000 	C:\WINDOWS\SYSTEM32\apphelp.dll
0x00007ffb29e20000 - 0x00007ffb29ebc000 	C:\WINDOWS\system32\uxtheme.dll
0x00007ffb1bd30000 - 0x00007ffb1bd54000 	D:\Android\jre\jre\bin\sunec.dll
0x00007ffb251c0000 - 0x00007ffb251ca000 	C:\Windows\System32\rasadhlp.dll
0x00007ffb1f3e0000 - 0x00007ffb1f459000 	C:\WINDOWS\System32\fwpuclnt.dll
0x00007ffb27600000 - 0x00007ffb2760b000 	D:\Android\jre\jre\bin\sunmscapi.dll

VM Arguments:
jvm_args: -Xmx1536m -Dfile.encoding=x-windows-949 -Duser.country=KR -Duser.language=ko -Duser.variant 
java_command: org.gradle.launcher.daemon.bootstrap.GradleDaemon 5.4.1
java_class_path (initial): C:\Users\kjy03\.gradle\wrapper\dists\gradle-5.4.1-all\3221gyojl5jsh0helicew7rwx\gradle-5.4.1\lib\gradle-launcher-5.4.1.jar
Launcher Type: SUN_STANDARD

Environment Variables:
JAVA_HOME=C:\Program Files\Java\jdk1.8.0_221
PATH=C:\Program Files (x86)\Common Files\Oracle\Java\javapath;C:\Program Files (x86)\Intel\Intel(R) Management Engine Components\iCLS\;C:\Program Files\Intel\Intel(R) Management Engine Components\iCLS\;C:\Windows\system32;C:\Windows;C:\Windows\System32\Wbem;C:\Windows\System32\WindowsPowerShell\v1.0\;C:\Windows\System32\OpenSSH\;C:\Program Files\Intel\WiFi\bin\;C:\Program Files\Common Files\Intel\WirelessCommon\;C:\Program Files (x86)\NVIDIA Corporation\PhysX\Common;C:\Program Files\Java\jdk1.8.0_221\bin;D:\Node.js\;C:\Program Files\PuTTY\;C:\Program Files\MySQL\MySQL Shell 8.0\bin\;C:\Users\kjy03\AppData\Local\GitHubDesktop\bin;C:\Users\kjy03\AppData\Roaming\npm
USERNAME=kjy03
OS=Windows_NT
PROCESSOR_IDENTIFIER=Intel64 Family 6 Model 158 Stepping 10, GenuineIntel



---------------  S Y S T E M  ---------------

OS: Windows 10.0 , 64 bit Build 17763 (10.0.17763.475)

CPU:total 12 (initial active 12) (6 cores per cpu, 2 threads per core) family 6 model 158 stepping 10, cmov, cx8, fxsr, mmx, sse, sse2, sse3, ssse3, sse4.1, sse4.2, popcnt, avx, avx2, aes, clmul, erms, 3dnowpref, lzcnt, ht, tsc, tscinvbit, bmi1, bmi2, adx

Memory: 4k page, physical 16585588k(4759904k free), swap 18682740k(5656k free)

vm_info: OpenJDK 64-Bit Server VM (25.202-b03) for windows-amd64 JRE (1.8.0_202-release-1483-b03), built by "builder" with MS VC++ 10.0 (VS2010)

time: Sat Oct 19 15:04:37 2019
timezone: 대한민국 표준시
elapsed time: 3200 seconds (0d 0h 53m 20s)

